# Logfile created on 2014-01-05 16:39:36 +0100 by logger.rb/31641
D, [2014-01-05T16:39:36.313687 #3344] DEBUG -- : REQUESTING PAGE: GET /about with {} and HTTP headers {}
D, [2014-01-05T16:39:41.857614 #3344] DEBUG -- : REQUESTING PAGE: GET /about with {} and HTTP headers {}
D, [2014-01-05T16:39:41.870623 #3344] DEBUG -- : REQUESTING PAGE: GET /contact with {} and HTTP headers {}
D, [2014-01-05T16:39:41.881631 #3344] DEBUG -- : REQUESTING PAGE: GET /contact with {} and HTTP headers {}
D, [2014-01-05T16:39:41.889636 #3344] DEBUG -- : REQUESTING PAGE: GET /help with {} and HTTP headers {}
D, [2014-01-05T16:39:41.900646 #3344] DEBUG -- : REQUESTING PAGE: GET /help with {} and HTTP headers {}
D, [2014-01-05T16:39:41.910653 #3344] DEBUG -- : REQUESTING PAGE: GET / with {} and HTTP headers {}
D, [2014-01-05T16:39:41.926664 #3344] DEBUG -- : REQUESTING PAGE: GET / with {} and HTTP headers {}
D, [2014-01-05T16:39:41.940673 #3344] DEBUG -- : REQUESTING PAGE: GET / with {} and HTTP headers {}
D, [2014-01-05T16:40:06.956478 #3380] DEBUG -- : REQUESTING PAGE: GET /contact with {} and HTTP headers {}
D, [2014-01-05T16:40:07.079565 #3380] DEBUG -- : REQUESTING PAGE: GET /contact with {} and HTTP headers {}
D, [2014-01-05T16:40:07.107584 #3380] DEBUG -- : REQUESTING PAGE: GET /about with {} and HTTP headers {}
D, [2014-01-05T16:40:07.118593 #3380] DEBUG -- : REQUESTING PAGE: GET /about with {} and HTTP headers {}
D, [2014-01-05T16:40:07.128599 #3380] DEBUG -- : REQUESTING PAGE: GET /help with {} and HTTP headers {}
D, [2014-01-05T16:40:07.141610 #3380] DEBUG -- : REQUESTING PAGE: GET /help with {} and HTTP headers {}
D, [2014-01-05T16:40:07.151617 #3380] DEBUG -- : REQUESTING PAGE: GET / with {} and HTTP headers {}
D, [2014-01-05T16:40:07.170630 #3380] DEBUG -- : REQUESTING PAGE: GET / with {} and HTTP headers {}
D, [2014-01-05T16:40:07.187641 #3380] DEBUG -- : REQUESTING PAGE: GET / with {} and HTTP headers {}
D, [2014-01-05T16:42:13.353432 #1944] DEBUG -- : REQUESTING PAGE: GET /contact with {} and HTTP headers {}
D, [2014-01-05T16:42:13.478519 #1944] DEBUG -- : REQUESTING PAGE: GET /contact with {} and HTTP headers {}
D, [2014-01-05T16:42:13.492529 #1944] DEBUG -- : REQUESTING PAGE: GET /help with {} and HTTP headers {}
D, [2014-01-05T16:42:13.505540 #1944] DEBUG -- : REQUESTING PAGE: GET /help with {} and HTTP headers {}
D, [2014-01-05T16:42:13.516546 #1944] DEBUG -- : REQUESTING PAGE: GET /about with {} and HTTP headers {}
D, [2014-01-05T16:42:13.529556 #1944] DEBUG -- : REQUESTING PAGE: GET /about with {} and HTTP headers {}
D, [2014-01-05T16:42:13.539564 #1944] DEBUG -- : REQUESTING PAGE: GET / with {} and HTTP headers {}
D, [2014-01-05T16:42:13.557576 #1944] DEBUG -- : REQUESTING PAGE: GET / with {} and HTTP headers {}
D, [2014-01-05T16:42:13.574589 #1944] DEBUG -- : REQUESTING PAGE: GET / with {} and HTTP headers {}
D, [2014-01-05T16:45:46.670281 #8912] DEBUG -- : REQUESTING PAGE: GET /about with {} and HTTP headers {}
D, [2014-01-05T16:45:46.840401 #8912] DEBUG -- : REQUESTING PAGE: GET /about with {} and HTTP headers {}
D, [2014-01-05T16:45:46.851409 #8912] DEBUG -- : REQUESTING PAGE: GET /help with {} and HTTP headers {}
D, [2014-01-05T16:45:46.863419 #8912] DEBUG -- : REQUESTING PAGE: GET /help with {} and HTTP headers {}
D, [2014-01-05T16:45:46.892438 #8912] DEBUG -- : REQUESTING PAGE: GET /contact with {} and HTTP headers {}
D, [2014-01-05T16:45:46.904449 #8912] DEBUG -- : REQUESTING PAGE: GET /contact with {} and HTTP headers {}
D, [2014-01-05T16:45:46.914455 #8912] DEBUG -- : REQUESTING PAGE: GET / with {} and HTTP headers {}
D, [2014-01-05T16:45:46.931467 #8912] DEBUG -- : REQUESTING PAGE: GET / with {} and HTTP headers {}
D, [2014-01-05T16:45:46.945477 #8912] DEBUG -- : REQUESTING PAGE: GET / with {} and HTTP headers {}
D, [2014-01-05T16:45:46.961488 #8912] DEBUG -- : REQUESTING PAGE: GET /signup with {} and HTTP headers {}
D, [2014-01-05T16:45:46.975499 #8912] DEBUG -- : REQUESTING PAGE: GET /signup with {} and HTTP headers {}
D, [2014-01-05T16:49:43.664945 #7524] DEBUG -- : REQUESTING PAGE: GET /signup with {} and HTTP headers {}
D, [2014-01-05T16:49:43.803043 #7524] DEBUG -- : REQUESTING PAGE: GET /signup with {} and HTTP headers {}
D, [2014-01-05T16:49:43.815052 #7524] DEBUG -- : REQUESTING PAGE: GET /help with {} and HTTP headers {}
D, [2014-01-05T16:49:43.834065 #7524] DEBUG -- : REQUESTING PAGE: GET /help with {} and HTTP headers {}
D, [2014-01-05T16:49:43.845092 #7524] DEBUG -- : REQUESTING PAGE: GET /contact with {} and HTTP headers {}
D, [2014-01-05T16:49:43.856083 #7524] DEBUG -- : REQUESTING PAGE: GET /contact with {} and HTTP headers {}
D, [2014-01-05T16:49:43.868108 #7524] DEBUG -- : REQUESTING PAGE: GET /about with {} and HTTP headers {}
D, [2014-01-05T16:49:43.901115 #7524] DEBUG -- : REQUESTING PAGE: GET /about with {} and HTTP headers {}
D, [2014-01-05T16:49:43.911120 #7524] DEBUG -- : REQUESTING PAGE: GET / with {} and HTTP headers {}
D, [2014-01-05T16:49:43.933155 #7524] DEBUG -- : REQUESTING PAGE: GET / with {} and HTTP headers {}
D, [2014-01-05T16:49:43.951167 #7524] DEBUG -- : REQUESTING PAGE: GET / with {} and HTTP headers {}
